c:\users\evil_fuzzball\documents\github\oop-project\crawler\crawler\debug\vc120.pdb
c:\users\evil_fuzzball\documents\github\oop-project\crawler\crawler\debug\curltest.obj
c:\users\evil_fuzzball\documents\github\oop-project\crawler\crawler\debug\curlform.obj
c:\users\evil_fuzzball\documents\github\oop-project\crawler\crawler\debug\crawlerform.obj
c:\users\evil_fuzzball\documents\github\oop-project\crawler\crawler\debug\.netframework,version=v4.5.assemblyattributes.obj
c:\users\evil_fuzzball\documents\github\oop-project\crawler\crawler\debug\curlbasic.obj
c:\users\evil_fuzzball\documents\github\oop-project\crawler\debug\crawler.exe
c:\users\evil_fuzzball\documents\github\oop-project\crawler\debug\crawler.pdb
c:\users\evil_fuzzball\documents\github\oop-project\crawler\crawler\debug\crawler.vcxprojresolveassemblyreference.cache
c:\users\evil_fuzzball\documents\github\oop-project\crawler\crawler\debug\crawler.tlog\cl.command.1.tlog
c:\users\evil_fuzzball\documents\github\oop-project\crawler\crawler\debug\crawler.tlog\cl.read.1.tlog
c:\users\evil_fuzzball\documents\github\oop-project\crawler\crawler\debug\crawler.tlog\cl.write.1.tlog
c:\users\evil_fuzzball\documents\github\oop-project\crawler\crawler\debug\crawler.tlog\link.1124-cvtres.read.1.tlog
c:\users\evil_fuzzball\documents\github\oop-project\crawler\crawler\debug\crawler.tlog\link.1124-cvtres.write.1.tlog
c:\users\evil_fuzzball\documents\github\oop-project\crawler\crawler\debug\crawler.tlog\link.1124-rc.read.1.tlog
c:\users\evil_fuzzball\documents\github\oop-project\crawler\crawler\debug\crawler.tlog\link.1124-rc.write.1.tlog
c:\users\evil_fuzzball\documents\github\oop-project\crawler\crawler\debug\crawler.tlog\link.1124.read.1.tlog
c:\users\evil_fuzzball\documents\github\oop-project\crawler\crawler\debug\crawler.tlog\link.1124.write.1.tlog
c:\users\evil_fuzzball\documents\github\oop-project\crawler\crawler\debug\crawler.tlog\link.7776-cvtres.read.1.tlog
c:\users\evil_fuzzball\documents\github\oop-project\crawler\crawler\debug\crawler.tlog\link.7776-cvtres.write.1.tlog
c:\users\evil_fuzzball\documents\github\oop-project\crawler\crawler\debug\crawler.tlog\link.7776-rc.read.1.tlog
c:\users\evil_fuzzball\documents\github\oop-project\crawler\crawler\debug\crawler.tlog\link.7776-rc.write.1.tlog
c:\users\evil_fuzzball\documents\github\oop-project\crawler\crawler\debug\crawler.tlog\link.7776.read.1.tlog
c:\users\evil_fuzzball\documents\github\oop-project\crawler\crawler\debug\crawler.tlog\link.7776.write.1.tlog
c:\users\evil_fuzzball\documents\github\oop-project\crawler\crawler\debug\crawler.tlog\link.command.1.tlog
c:\users\evil_fuzzball\documents\github\oop-project\crawler\crawler\debug\crawler.tlog\link.read.1.tlog
c:\users\evil_fuzzball\documents\github\oop-project\crawler\crawler\debug\crawler.tlog\link.write.1.tlog
c:\users\evil_fuzzball\documents\github\oop-project\crawler\crawler\debug\crawler.tlog\metagen.read.1.tlog
c:\users\evil_fuzzball\documents\github\oop-project\crawler\crawler\debug\crawler.tlog\metagen.write.1.tlog
c:\users\evil_fuzzball\documents\github\oop-project\crawler\crawler\debug\crawler.tlog\tzres.dll.bi
